<?xml version="1.0" encoding="UTF-8"?>
<!-- Generated by org.testng.reporters.JUnitReportReporter -->
<testsuite hostname="DESKTOP-K6D606K" name="Project.PracticePageTest2" tests="1" failures="0" timestamp="9 Jun 2018 20:29:03 GMT" time="27.716" errors="0">
  <testcase name="accessAllLinks" time="27.716" classname="Project.PracticePageTest2"/>
</testsuite> <!-- Project.PracticePageTest2 -->
