<?xml version="1.0" encoding="UTF-8"?>
<!-- Generated by org.testng.reporters.JUnitReportReporter -->
<testsuite hostname="DESKTOP-K6D606K" name="Project.LoginPageTest" tests="5" failures="0" timestamp="15 Jul 2018 22:16:48 GMT" time="108.301" errors="0">
  <testcase name="LoginDetails" time="22.766" classname="Project.LoginPageTest"/>
  <testcase name="SendInstructions" time="18.170" classname="Project.LoginPageTest"/>
  <testcase name="LoginButton" time="19.799" classname="Project.LoginPageTest"/>
  <testcase name="LoginDetails" time="29.866" classname="Project.LoginPageTest"/>
  <testcase name="ForgotPassword" time="17.700" classname="Project.LoginPageTest"/>
</testsuite> <!-- Project.LoginPageTest -->
