<?xml version="1.0" encoding="UTF-8"?>
<!-- Generated by org.testng.reporters.JUnitReportReporter -->
<testsuite hostname="DESKTOP-K6D606K" name="Project.SignUpPageTest" tests="5" failures="0" timestamp="8 Jun 2018 00:55:31 GMT" time="188.086" errors="0">
  <testcase name="SignUpTest" time="51.332" classname="Project.SignUpPageTest"/>
  <testcase name="SignUpTest" time="49.151" classname="Project.SignUpPageTest"/>
  <testcase name="SignUpTest" time="32.033" classname="Project.SignUpPageTest"/>
  <testcase name="TitleTextValidation" time="6.633" classname="Project.SignUpPageTest"/>
  <testcase name="SignUpTest" time="48.937" classname="Project.SignUpPageTest"/>
</testsuite> <!-- Project.SignUpPageTest -->
