<?xml version="1.0" encoding="UTF-8"?>
<!-- Generated by org.testng.reporters.JUnitReportReporter -->
<testsuite hostname="DESKTOP-K6D606K" name="Project.LoginPageTest" tests="5" failures="0" timestamp="8 Jun 2018 00:55:31 GMT" time="107.410" errors="0">
  <testcase name="LoginButton" time="28.865" classname="Project.LoginPageTest"/>
  <testcase name="SendInstructions" time="22.014" classname="Project.LoginPageTest"/>
  <testcase name="LoginDetails" time="18.287" classname="Project.LoginPageTest"/>
  <testcase name="LoginDetails" time="21.997" classname="Project.LoginPageTest"/>
  <testcase name="ForgotPassword" time="16.247" classname="Project.LoginPageTest"/>
</testsuite> <!-- Project.LoginPageTest -->
