<?xml version="1.0" encoding="UTF-8"?>
<!-- Generated by org.testng.reporters.JUnitReportReporter -->
<testsuite hostname="DESKTOP-K6D606K" name="Project.HomePageTest" tests="3" failures="0" timestamp="8 Jun 2018 00:55:31 GMT" time="0.592" errors="0">
  <testcase name="NavigationBarPresence" time="0.127" classname="Project.HomePageTest"/>
  <testcase name="PopupPresence" time="0.408" classname="Project.HomePageTest"/>
  <testcase name="TitleTextValidation" time="0.057" classname="Project.HomePageTest"/>
</testsuite> <!-- Project.HomePageTest -->
